<?xml version="1.0" encoding="utf-8"?><testsuites name="pytest tests"><testsuite name="pytest" errors="0" failures="0" skipped="0" tests="2" time="13.468" timestamp="2025-06-27T04:28:21.130855+00:00" hostname="Helix30"><testcase classname="tests.test_services" name="test_extract_first_scene_name_success" time="0.002" /><testcase classname="tests.test_services" name="test_extract_first_scene_name_failure" time="0.001" /></testsuite></testsuites>